<?xml version="1.0" encoding="UTF-8"?>
<!-- Generated by org.testng.reporters.JUnitReportReporter -->
<testsuite skipped="0" hostname="DESKTOP-3HP5LFB" name="com.fullstack.batch3.APITest" tests="2" failures="0" timestamp="05 Sep 2020 11:35:43 GMT" time="6.639" errors="0">
  <testcase name="testLoginAPI" time="3.600" classname="com.fullstack.batch3.APITest"/>
  <testcase name="testDashboardAPI" time="3.039" classname="com.fullstack.batch3.APITest"/>
</testsuite> <!-- com.fullstack.batch3.APITest -->
